<?xml version="1.0" encoding="UTF-8"?>
<!-- Generated by org.testng.reporters.JUnitReportReporter -->
<testsuite skipped="0" hostname="LAPTOP-U7NGCTPE" name="qaautomation.march2022.APITestAfterRefactor" tests="3" failures="0" timestamp="10 Apr 2022 06:40:30 GMT" time="16.899" errors="0">
  <testcase name="testDashboardWithoutParam" time="4.396" classname="qaautomation.march2022.APITestAfterRefactor"/>
  <testcase name="testDashboardAPI" time="8.416" classname="qaautomation.march2022.APITestAfterRefactor"/>
  <testcase name="testDashboardWithoutToken" time="4.087" classname="qaautomation.march2022.APITestAfterRefactor"/>
</testsuite> <!-- qaautomation.march2022.APITestAfterRefactor -->
