<?xml version="1.0" encoding="UTF-8"?>
<!-- Generated by org.testng.reporters.JUnitReportReporter -->
<testsuite skipped="0" hostname="LAPTOP-U7NGCTPE" name="qaautomation.march2022.GraphQLTest" tests="2" failures="0" timestamp="10 Apr 2022 02:50:13 GMT" time="6.781" errors="0">
  <testcase name="launchRocketWithVariable" time="1.496" classname="qaautomation.march2022.GraphQLTest"/>
  <testcase name="checkCEO" time="5.285" classname="qaautomation.march2022.GraphQLTest"/>
</testsuite> <!-- qaautomation.march2022.GraphQLTest -->
