<?xml version="1.0" encoding="UTF-8"?>
<!-- Generated by org.testng.reporters.JUnitReportReporter -->
<testsuite skipped="0" hostname="LAPTOP-U7NGCTPE" name="qaautomation.march2022.AppTestAfterPOMFactory" tests="3" failures="0" timestamp="03 Apr 2022 14:53:46 GMT" time="47.713" errors="0">
  <testcase name="test3" time="10.269" classname="qaautomation.march2022.AppTestAfterPOMFactory"/>
  <testcase name="test" time="24.979" classname="qaautomation.march2022.AppTestAfterPOMFactory"/>
  <testcase name="test2" time="12.465" classname="qaautomation.march2022.AppTestAfterPOMFactory"/>
</testsuite> <!-- qaautomation.march2022.AppTestAfterPOMFactory -->
