<?xml version="1.0" encoding="UTF-8"?>
<!-- Generated by org.testng.reporters.JUnitReportReporter -->
<testsuite skipped="0" hostname="LAPTOP-U7NGCTPE" name="qaautomation.march2022.APITest" tests="2" failures="0" timestamp="09 Apr 2022 04:07:27 GMT" time="7.309" errors="0">
  <testcase name="testLoginAPI" time="5.671" classname="qaautomation.march2022.APITest"/>
  <testcase name="testDashboardAPI" time="1.638" classname="qaautomation.march2022.APITest"/>
</testsuite> <!-- qaautomation.march2022.APITest -->
