<?xml version="1.0" encoding="UTF-8"?>
<!-- Generated by org.testng.reporters.JUnitReportReporter -->
<testsuite skipped="0" hostname="LAPTOP-U7NGCTPE" name="qaautomation.march2022.AppTestAfterPOM" tests="3" failures="0" timestamp="03 Apr 2022 03:27:33 GMT" time="33.286" errors="0">
  <testcase name="test3" time="10.765" classname="qaautomation.march2022.AppTestAfterPOM"/>
  <testcase name="test" time="12.298" classname="qaautomation.march2022.AppTestAfterPOM"/>
  <testcase name="test2" time="10.223" classname="qaautomation.march2022.AppTestAfterPOM"/>
</testsuite> <!-- qaautomation.march2022.AppTestAfterPOM -->
