<?xml version="1.0" encoding="UTF-8"?>
<!-- Generated by org.testng.reporters.JUnitReportReporter -->
<testsuite skipped="0" hostname="LAPTOP-U7NGCTPE" name="qaautomation.march2022.CommonPageTest" tests="2" failures="0" timestamp="03 Apr 2022 16:35:03 GMT" time="42.588" errors="0">
  <testcase name="testScroll" time="20.027" classname="qaautomation.march2022.CommonPageTest"/>
  <testcase name="testSwitching" time="22.561" classname="qaautomation.march2022.CommonPageTest"/>
</testsuite> <!-- qaautomation.march2022.CommonPageTest -->
