<?xml version="1.0" encoding="UTF-8"?>
<!-- Generated by org.testng.reporters.JUnitReportReporter -->
<testsuite skipped="0" hostname="LAPTOP-U7NGCTPE" name="qaautomation.march2022.DashboardAPI" tests="4" failures="0" timestamp="10 Apr 2022 06:43:13 GMT" time="18.901" errors="0">
  <testcase name="testDashboardWithoutToken" time="3.595" classname="qaautomation.march2022.DashboardAPI"/>
  <testcase name="testDashboardWithoutParam" time="7.625" classname="qaautomation.march2022.DashboardAPI"/>
  <testcase name="testDashboardAPI" time="4.998" classname="qaautomation.march2022.DashboardAPI"/>
  <testcase name="FakerTest" time="2.683" classname="qaautomation.march2022.DashboardAPI"/>
</testsuite> <!-- qaautomation.march2022.DashboardAPI -->
