<?xml version="1.0" encoding="UTF-8"?>
<!-- Generated by org.testng.reporters.JUnitReportReporter -->
<testsuite skipped="0" hostname="LAPTOP-U7NGCTPE" name="qaautomation.march2022.AppTestAfterRefactor" tests="3" failures="0" timestamp="03 Apr 2022 04:32:34 GMT" time="39.179" errors="0">
  <testcase name="test3" time="16.734" classname="qaautomation.march2022.AppTestAfterRefactor"/>
  <testcase name="test2" time="14.881" classname="qaautomation.march2022.AppTestAfterRefactor"/>
  <testcase name="test" time="7.564" classname="qaautomation.march2022.AppTestAfterRefactor"/>
</testsuite> <!-- qaautomation.march2022.AppTestAfterRefactor -->
